Arguments: 
  /usr/bin/node-18 /usr/bin/yarn add primsa -D

PATH: 
  /home/jefersonsilva/.tfenv/bin:/home/jefersonsilva/.nvm/versions/node/v18.13.0/bin:/home/jefersonsilva/.tfenv/bin:/usr/local/bin:/usr/local/sbin:/usr/bin:/usr/sbin

Yarn version: 
  1.22.19

Node version: 
  18.15.0

Platform: 
  linux x64

Trace: 
  Error: https://registry.yarnpkg.com/primsa: Not found
      at params.callback [as _callback] (/usr/lib/node_modules_18/yarn/lib/util/request-manager.js:451:18)
      at self.callback (/usr/lib/node_modules_18/yarn/node_modules/request/request.js:185:22)
      at Request.emit (node:events:513:28)
      at Request.<anonymous> (/usr/lib/node_modules_18/yarn/node_modules/request/request.js:1154:10)
      at Request.emit (node:events:513:28)
      at IncomingMessage.<anonymous> (/usr/lib/node_modules_18/yarn/node_modules/request/request.js:1076:12)
      at Object.onceWrapper (node:events:627:28)
      at IncomingMessage.emit (node:events:525:35)
      at endReadableNT (node:internal/streams/readable:1359:12)
      at process.processTicksAndRejections (node:internal/process/task_queues:82:21)

npm manifest: 
  {
    "name": "03-api-solid",
    "version": "1.0.0",
    "description": "GymPass style app.",
    "main": "index.js",
    "engines": {
      "node": ">= 18"
    },
    "scripts": {
      "dev": "tsx watch src/server.ts",
      "start": "node build/server.js",
      "build": "tsup src --out-dir build"
    },
    "keywords": [],
    "author": "",
    "license": "ISC",
    "devDependencies": {
      "@rocketseat/eslint-config": "1.2.0",
      "@types/node": "18.15.11",
      "eslint": "8.38.0",
      "tsup": "6.7.0",
      "tsx": "3.12.6",
      "typescript": "5.0.4"
    },
    "dependencies": {
      "dotenv": "16.0.3",
      "fastify": "4.15.0",
      "zod": "3.21.4"
    }
  }

yarn manifest: 
  No manifest

Lockfile: 
  No lockfile
